  [1m[36m (0.9ms)[0m  [1mCREATE TABLE "authors" ("id" INTEGER PRIMARY KEY AUTOINCREMENT NOT NULL, "name" varchar, "genre" varchar, "bio" text, "created_at" datetime NOT NULL, "updated_at" datetime NOT NULL) [0m
  [1m[35m (0.6ms)[0m  CREATE TABLE "posts" ("id" INTEGER PRIMARY KEY AUTOINCREMENT NOT NULL, "title" varchar, "description" text, "created_at" datetime NOT NULL, "updated_at" datetime NOT NULL, "post_status" boolean, "author_id" integer) 
  [1m[36m (0.8ms)[0m  [1mCREATE TABLE "schema_migrations" ("version" varchar NOT NULL) [0m
  [1m[35m (0.4ms)[0m  select sqlite_version(*)
  [1m[36m (0.6ms)[0m  [1mCREATE UNIQUE INDEX "unique_schema_migrations" ON "schema_migrations" ("version")[0m
  [1m[35m (0.1ms)[0m  SELECT version FROM "schema_migrations"
  [1m[36m (0.5ms)[0m  [1mINSERT INTO "schema_migrations" (version) VALUES ('20160113011820')[0m
  [1m[35m (0.9ms)[0m  INSERT INTO "schema_migrations" (version) VALUES ('20151230232412')
  [1m[36m (0.6ms)[0m  [1mINSERT INTO "schema_migrations" (version) VALUES ('20160113011041')[0m
  [1m[35m (0.6ms)[0m  INSERT INTO "schema_migrations" (version) VALUES ('20160113011150')
  [1m[36m (0.7ms)[0m  [1mCREATE TABLE "authors" ("id" INTEGER PRIMARY KEY AUTOINCREMENT NOT NULL, "name" varchar, "genre" varchar, "bio" text, "created_at" datetime NOT NULL, "updated_at" datetime NOT NULL) [0m
  [1m[35m (0.6ms)[0m  CREATE TABLE "posts" ("id" INTEGER PRIMARY KEY AUTOINCREMENT NOT NULL, "title" varchar, "description" text, "created_at" datetime NOT NULL, "updated_at" datetime NOT NULL, "post_status" boolean, "author_id" integer) 
  [1m[36m (0.6ms)[0m  [1mCREATE TABLE "schema_migrations" ("version" varchar NOT NULL) [0m
  [1m[35m (0.0ms)[0m  select sqlite_version(*)
  [1m[36m (0.6ms)[0m  [1mCREATE UNIQUE INDEX "unique_schema_migrations" ON "schema_migrations" ("version")[0m
  [1m[35m (0.1ms)[0m  SELECT version FROM "schema_migrations"
  [1m[36m (0.6ms)[0m  [1mINSERT INTO "schema_migrations" (version) VALUES ('20160113011820')[0m
  [1m[35m (0.7ms)[0m  INSERT INTO "schema_migrations" (version) VALUES ('20151230232412')
  [1m[36m (0.6ms)[0m  [1mINSERT INTO "schema_migrations" (version) VALUES ('20160113011041')[0m
  [1m[35m (0.6ms)[0m  INSERT INTO "schema_migrations" (version) VALUES ('20160113011150')
  [1m[36mActiveRecord::SchemaMigration Load (0.1ms)[0m  [1mSELECT "schema_migrations".* FROM "schema_migrations"[0m
  [1m[36m (0.1ms)[0m  [1mbegin transaction[0m
  [1m[35m (0.1ms)[0m  rollback transaction
  [1m[36m (0.1ms)[0m  [1mbegin transaction[0m
  [1m[35mSQL (0.4ms)[0m  INSERT INTO "posts" ("title", "description", "created_at", "updated_at") VALUES (?, ?, ?, ?)  [["title", "Testing"], ["description", "testing"], ["created_at", "2016-01-26 15:06:03.106369"], ["updated_at", "2016-01-26 15:06:03.106369"]]
  [1m[36m (0.7ms)[0m  [1mcommit transaction[0m
Started GET "/" for ::1 at 2021-03-28 22:57:18 -0500
  [1m[36mActiveRecord::SchemaMigration Load (0.1ms)[0m  [1m[34mSELECT "schema_migrations".* FROM "schema_migrations"[0m
Processing by Rails::WelcomeController#index as HTML
  Parameters: {"internal"=>true}
  Rendering /Users/andrewcasino/.rvm/gems/ruby-2.6.1/gems/railties-5.0.7.1/lib/rails/templates/rails/welcome/index.html.erb
  Rendered /Users/andrewcasino/.rvm/gems/ruby-2.6.1/gems/railties-5.0.7.1/lib/rails/templates/rails/welcome/index.html.erb (6.3ms)
Completed 200 OK in 21ms (Views: 13.0ms | ActiveRecord: 0.0ms)


Started GET "/posts" for ::1 at 2021-03-28 22:57:27 -0500
Processing by PostsController#index as HTML
  Rendering posts/index.html.erb within layouts/application
  [1m[36mPost Load (0.2ms)[0m  [1m[34mSELECT "posts".* FROM "posts"[0m
  Rendered posts/index.html.erb within layouts/application (5.5ms)
Completed 200 OK in 638ms (Views: 630.9ms | ActiveRecord: 0.6ms)


Started GET "/posts/show" for ::1 at 2021-03-28 22:57:31 -0500
Processing by PostsController#show as HTML
  Parameters: {"id"=>"show"}
  [1m[36mPost Load (0.2ms)[0m  [1m[34mSELECT  "posts".* FROM "posts" WHERE "posts"."id" = ? LIMIT ?[0m  [["id", 0], ["LIMIT", 1]]
Completed 404 Not Found in 5ms (ActiveRecord: 0.2ms)


  
ActiveRecord::RecordNotFound (Couldn't find Post with 'id'=show):
  
app/controllers/posts_controller.rb:7:in `show'
  Rendering /Users/andrewcasino/.rvm/gems/ruby-2.6.1/gems/actionpack-5.0.7.1/lib/action_dispatch/middleware/templates/rescues/diagnostics.html.erb within rescues/layout
  Rendering /Users/andrewcasino/.rvm/gems/ruby-2.6.1/gems/actionpack-5.0.7.1/lib/action_dispatch/middleware/templates/rescues/_source.html.erb
  Rendered /Users/andrewcasino/.rvm/gems/ruby-2.6.1/gems/actionpack-5.0.7.1/lib/action_dispatch/middleware/templates/rescues/_source.html.erb (1.8ms)
  Rendering /Users/andrewcasino/.rvm/gems/ruby-2.6.1/gems/actionpack-5.0.7.1/lib/action_dispatch/middleware/templates/rescues/_trace.html.erb
  Rendered /Users/andrewcasino/.rvm/gems/ruby-2.6.1/gems/actionpack-5.0.7.1/lib/action_dispatch/middleware/templates/rescues/_trace.html.erb (1.1ms)
  Rendering /Users/andrewcasino/.rvm/gems/ruby-2.6.1/gems/actionpack-5.0.7.1/lib/action_dispatch/middleware/templates/rescues/_request_and_response.html.erb
  Rendered /Users/andrewcasino/.rvm/gems/ruby-2.6.1/gems/actionpack-5.0.7.1/lib/action_dispatch/middleware/templates/rescues/_request_and_response.html.erb (0.7ms)
  Rendered /Users/andrewcasino/.rvm/gems/ruby-2.6.1/gems/actionpack-5.0.7.1/lib/action_dispatch/middleware/templates/rescues/diagnostics.html.erb within rescues/layout (21.2ms)
DEPRECATION WARNING: Accessing mime types via constants is deprecated. Please change `Mime::HTML` to `Mime[:html]`. (called from acceptable_content_type? at /Users/andrewcasino/.rvm/gems/ruby-2.6.1/gems/web-console-2.3.0/lib/web_console/middleware.rb:58)
  Rendering /Users/andrewcasino/.rvm/gems/ruby-2.6.1/gems/web-console-2.3.0/lib/web_console/templates/index.html.erb
  Rendered /Users/andrewcasino/.rvm/gems/ruby-2.6.1/gems/web-console-2.3.0/lib/web_console/templates/_markup.html.erb (0.3ms)
  Rendering /Users/andrewcasino/.rvm/gems/ruby-2.6.1/gems/web-console-2.3.0/lib/web_console/templates/console.js.erb within layouts/javascript
  Rendering /Users/andrewcasino/.rvm/gems/ruby-2.6.1/gems/web-console-2.3.0/lib/web_console/templates/_inner_console_markup.html.erb within layouts/inlined_string
  Rendered /Users/andrewcasino/.rvm/gems/ruby-2.6.1/gems/web-console-2.3.0/lib/web_console/templates/_inner_console_markup.html.erb within layouts/inlined_string (0.2ms)
  Rendering /Users/andrewcasino/.rvm/gems/ruby-2.6.1/gems/web-console-2.3.0/lib/web_console/templates/_prompt_box_markup.html.erb within layouts/inlined_string
  Rendered /Users/andrewcasino/.rvm/gems/ruby-2.6.1/gems/web-console-2.3.0/lib/web_console/templates/_prompt_box_markup.html.erb within layouts/inlined_string (0.2ms)
  Rendering /Users/andrewcasino/.rvm/gems/ruby-2.6.1/gems/web-console-2.3.0/lib/web_console/templates/style.css.erb within layouts/inlined_string
  Rendered /Users/andrewcasino/.rvm/gems/ruby-2.6.1/gems/web-console-2.3.0/lib/web_console/templates/style.css.erb within layouts/inlined_string (0.2ms)
DEPRECATION WARNING: Accessing mime types via constants is deprecated. Please change `Mime::WEB_CONSOLE_V2` to `Mime[:web_console_v2]`. (called from ___sers_andrewcasino__rvm_gems_ruby_______gems_web_console_______lib_web_console_templates_console_js_erb___947737602683859484_70155307149740 at /Users/andrewcasino/.rvm/gems/ruby-2.6.1/gems/web-console-2.3.0/lib/web_console/templates/console.js.erb:491)
  Rendered /Users/andrewcasino/.rvm/gems/ruby-2.6.1/gems/web-console-2.3.0/lib/web_console/templates/console.js.erb within layouts/javascript (29.2ms)
  Rendering /Users/andrewcasino/.rvm/gems/ruby-2.6.1/gems/web-console-2.3.0/lib/web_console/templates/main.js.erb within layouts/javascript
  Rendered /Users/andrewcasino/.rvm/gems/ruby-2.6.1/gems/web-console-2.3.0/lib/web_console/templates/main.js.erb within layouts/javascript (0.3ms)
  Rendering /Users/andrewcasino/.rvm/gems/ruby-2.6.1/gems/web-console-2.3.0/lib/web_console/templates/error_page.js.erb within layouts/javascript
  Rendered /Users/andrewcasino/.rvm/gems/ruby-2.6.1/gems/web-console-2.3.0/lib/web_console/templates/error_page.js.erb within layouts/javascript (0.4ms)
  Rendered /Users/andrewcasino/.rvm/gems/ruby-2.6.1/gems/web-console-2.3.0/lib/web_console/templates/index.html.erb (59.7ms)
Started GET "/posts/show.html" for ::1 at 2021-03-28 22:57:37 -0500
Processing by PostsController#show as HTML
  Parameters: {"id"=>"show"}
  [1m[36mPost Load (0.1ms)[0m  [1m[34mSELECT  "posts".* FROM "posts" WHERE "posts"."id" = ? LIMIT ?[0m  [["id", 0], ["LIMIT", 1]]
Completed 404 Not Found in 2ms (ActiveRecord: 0.1ms)


  
ActiveRecord::RecordNotFound (Couldn't find Post with 'id'=show):
  
app/controllers/posts_controller.rb:7:in `show'
  Rendering /Users/andrewcasino/.rvm/gems/ruby-2.6.1/gems/actionpack-5.0.7.1/lib/action_dispatch/middleware/templates/rescues/diagnostics.html.erb within rescues/layout
  Rendering /Users/andrewcasino/.rvm/gems/ruby-2.6.1/gems/actionpack-5.0.7.1/lib/action_dispatch/middleware/templates/rescues/_source.html.erb
  Rendered /Users/andrewcasino/.rvm/gems/ruby-2.6.1/gems/actionpack-5.0.7.1/lib/action_dispatch/middleware/templates/rescues/_source.html.erb (2.5ms)
  Rendering /Users/andrewcasino/.rvm/gems/ruby-2.6.1/gems/actionpack-5.0.7.1/lib/action_dispatch/middleware/templates/rescues/_trace.html.erb
  Rendered /Users/andrewcasino/.rvm/gems/ruby-2.6.1/gems/actionpack-5.0.7.1/lib/action_dispatch/middleware/templates/rescues/_trace.html.erb (1.6ms)
  Rendering /Users/andrewcasino/.rvm/gems/ruby-2.6.1/gems/actionpack-5.0.7.1/lib/action_dispatch/middleware/templates/rescues/_request_and_response.html.erb
  Rendered /Users/andrewcasino/.rvm/gems/ruby-2.6.1/gems/actionpack-5.0.7.1/lib/action_dispatch/middleware/templates/rescues/_request_and_response.html.erb (0.7ms)
  Rendered /Users/andrewcasino/.rvm/gems/ruby-2.6.1/gems/actionpack-5.0.7.1/lib/action_dispatch/middleware/templates/rescues/diagnostics.html.erb within rescues/layout (18.8ms)
DEPRECATION WARNING: Accessing mime types via constants is deprecated. Please change `Mime::HTML` to `Mime[:html]`. (called from acceptable_content_type? at /Users/andrewcasino/.rvm/gems/ruby-2.6.1/gems/web-console-2.3.0/lib/web_console/middleware.rb:58)
  Rendering /Users/andrewcasino/.rvm/gems/ruby-2.6.1/gems/web-console-2.3.0/lib/web_console/templates/index.html.erb
  Rendered /Users/andrewcasino/.rvm/gems/ruby-2.6.1/gems/web-console-2.3.0/lib/web_console/templates/_markup.html.erb (0.5ms)
  Rendering /Users/andrewcasino/.rvm/gems/ruby-2.6.1/gems/web-console-2.3.0/lib/web_console/templates/console.js.erb within layouts/javascript
  Rendering /Users/andrewcasino/.rvm/gems/ruby-2.6.1/gems/web-console-2.3.0/lib/web_console/templates/_inner_console_markup.html.erb within layouts/inlined_string
  Rendered /Users/andrewcasino/.rvm/gems/ruby-2.6.1/gems/web-console-2.3.0/lib/web_console/templates/_inner_console_markup.html.erb within layouts/inlined_string (0.2ms)
  Rendering /Users/andrewcasino/.rvm/gems/ruby-2.6.1/gems/web-console-2.3.0/lib/web_console/templates/_prompt_box_markup.html.erb within layouts/inlined_string
  Rendered /Users/andrewcasino/.rvm/gems/ruby-2.6.1/gems/web-console-2.3.0/lib/web_console/templates/_prompt_box_markup.html.erb within layouts/inlined_string (0.3ms)
  Rendering /Users/andrewcasino/.rvm/gems/ruby-2.6.1/gems/web-console-2.3.0/lib/web_console/templates/style.css.erb within layouts/inlined_string
  Rendered /Users/andrewcasino/.rvm/gems/ruby-2.6.1/gems/web-console-2.3.0/lib/web_console/templates/style.css.erb within layouts/inlined_string (0.3ms)
DEPRECATION WARNING: Accessing mime types via constants is deprecated. Please change `Mime::WEB_CONSOLE_V2` to `Mime[:web_console_v2]`. (called from ___sers_andrewcasino__rvm_gems_ruby_______gems_web_console_______lib_web_console_templates_console_js_erb___947737602683859484_70155275258300 at /Users/andrewcasino/.rvm/gems/ruby-2.6.1/gems/web-console-2.3.0/lib/web_console/templates/console.js.erb:491)
  Rendered /Users/andrewcasino/.rvm/gems/ruby-2.6.1/gems/web-console-2.3.0/lib/web_console/templates/console.js.erb within layouts/javascript (17.3ms)
  Rendering /Users/andrewcasino/.rvm/gems/ruby-2.6.1/gems/web-console-2.3.0/lib/web_console/templates/main.js.erb within layouts/javascript
  Rendered /Users/andrewcasino/.rvm/gems/ruby-2.6.1/gems/web-console-2.3.0/lib/web_console/templates/main.js.erb within layouts/javascript (0.4ms)
  Rendering /Users/andrewcasino/.rvm/gems/ruby-2.6.1/gems/web-console-2.3.0/lib/web_console/templates/error_page.js.erb within layouts/javascript
  Rendered /Users/andrewcasino/.rvm/gems/ruby-2.6.1/gems/web-console-2.3.0/lib/web_console/templates/error_page.js.erb within layouts/javascript (0.4ms)
  Rendered /Users/andrewcasino/.rvm/gems/ruby-2.6.1/gems/web-console-2.3.0/lib/web_console/templates/index.html.erb (37.7ms)
  [1m[36mPost Load (1.5ms)[0m  [1m[34mSELECT "posts".* FROM "posts"[0m
